#
# There is insufficient memory for the Java Runtime Environment to continue.
# Native memory allocation (malloc) failed to allocate 535376 bytes for Chunk::new
# Possible reasons:
#   The system is out of physical RAM or swap space
#   The process is running with CompressedOops enabled, and the Java Heap may be blocking the growth of the native heap
# Possible solutions:
#   Reduce memory load on the system
#   Increase physical memory or swap space
#   Check if swap backing store is full
#   Decrease Java heap size (-Xmx/-Xms)
#   Decrease number of Java threads
#   Decrease Java thread stack sizes (-Xss)
#   Set larger code cache with -XX:ReservedCodeCacheSize=
#   JVM is running with Unscaled Compressed Oops mode in which the Java heap is
#     placed in the first 4GB address space. The Java Heap base address is the
#     maximum limit for the native heap growth. Please use -XX:HeapBaseMinAddress
#     to set the Java Heap base and to place the Java Heap above 4GB virtual address.
# This output file may be truncated or incomplete.
#
#  Out of Memory Error (./open/src/hotspot/share/memory/arena.cpp:195), pid=9584, tid=9868
#
# JRE version: Java(TM) SE Runtime Environment (15.0.2+7) (build 15.0.2+7-27)
# Java VM: Java HotSpot(TM) 64-Bit Server VM (15.0.2+7-27, mixed mode, sharing, tiered, compressed oops, g1 gc, windows-amd64)
# No core dump will be written. Minidumps are not enabled by default on client versions of Windows
#

---------------  S U M M A R Y ------------

Command Line: com.proyecto.portfolio.PortfolioApplication

Host: AMD A8-6500 APU with Radeon(tm) HD Graphics    , 4 cores, 7G,  Windows 10 , 64 bit Build 19041 (10.0.19041.1889)
Time: Sun Aug 21 07:40:29 2022 Hora estándar de Argentina elapsed time: 11923.446787 seconds (0d 3h 18m 43s)

---------------  T H R E A D  ---------------

Current thread (0x000002236e202560):  JavaThread "C2 CompilerThread0" daemon [_thread_in_native, id=9868, stack(0x0000006e71c00000,0x0000006e71d00000)]


Current CompileTask:
C2:11923448 7264   !   4       jdk.internal.loader.BuiltinClassLoader::findMiscResource (122 bytes)

Stack: [0x0000006e71c00000,0x0000006e71d00000]
Native frames: (J=compiled Java code, j=interpreted, Vv=VM code, C=native code)
V  [jvm.dll+0x62ae9a]
V  [jvm.dll+0x7817a9]
V  [jvm.dll+0x782f03]
V  [jvm.dll+0x783563]
V  [jvm.dll+0x216325]
V  [jvm.dll+0x97f3a]
V  [jvm.dll+0x9861c]
V  [jvm.dll+0x279f9f]
V  [jvm.dll+0x540794]
V  [jvm.dll+0x1f3124]
V  [jvm.dll+0x1ecaf1]
V  [jvm.dll+0x1e9867]
V  [jvm.dll+0x178567]
V  [jvm.dll+0x1f9225]
V  [jvm.dll+0x1f72cc]
V  [jvm.dll+0x74495d]
V  [jvm.dll+0x73d75a]
V  [jvm.dll+0x629c56]
C  [ucrtbase.dll+0x21bb2]
C  [KERNEL32.DLL+0x17034]
C  [ntdll.dll+0x52651]


---------------  P R O C E S S  ---------------

Threads class SMR info:
_java_thread_list=0x0000022372fd6580, length=29, elements={
0x000002236e1e26d0, 0x000002236e1e32a0, 0x000002236e1fb230, 0x000002236e200c20,
0x000002236e2016d0, 0x000002236e202560, 0x000002236e206600, 0x000002236e213810,
0x000002236ec93bb0, 0x000002236ec73d40, 0x0000022370858830, 0x0000022372d09020,
0x000002236f61e8b0, 0x00000223708542d0, 0x00000223730f0830, 0x000002237496ffb0,
0x000002236fb59cf0, 0x000002236fb5b030, 0x000002236fb5a1c0, 0x000002236fb58e80,
0x000002236fb5a690, 0x0000022372e9c560, 0x0000022372e9bbc0, 0x0000022372e9a880,
0x0000022372e9ca30, 0x0000022372e9cf00, 0x0000022372e9ad50, 0x0000022372e9d3d0,
0x0000022372e9a3b0
}

Java Threads: ( => current thread )
  0x000002236e1e26d0 JavaThread "Reference Handler" daemon [_thread_blocked, id=13424, stack(0x0000006e71700000,0x0000006e71800000)]
  0x000002236e1e32a0 JavaThread "Finalizer" daemon [_thread_blocked, id=6200, stack(0x0000006e71800000,0x0000006e71900000)]
  0x000002236e1fb230 JavaThread "Signal Dispatcher" daemon [_thread_blocked, id=1688, stack(0x0000006e71900000,0x0000006e71a00000)]
  0x000002236e200c20 JavaThread "Attach Listener" daemon [_thread_blocked, id=9484, stack(0x0000006e71a00000,0x0000006e71b00000)]
  0x000002236e2016d0 JavaThread "Service Thread" daemon [_thread_blocked, id=5580, stack(0x0000006e71b00000,0x0000006e71c00000)]
=>0x000002236e202560 JavaThread "C2 CompilerThread0" daemon [_thread_in_native, id=9868, stack(0x0000006e71c00000,0x0000006e71d00000)]
  0x000002236e206600 JavaThread "C1 CompilerThread0" daemon [_thread_blocked, id=6080, stack(0x0000006e71d00000,0x0000006e71e00000)]
  0x000002236e213810 JavaThread "Sweeper thread" daemon [_thread_blocked, id=6432, stack(0x0000006e71e00000,0x0000006e71f00000)]
  0x000002236ec93bb0 JavaThread "Notification Thread" daemon [_thread_blocked, id=11140, stack(0x0000006e71f00000,0x0000006e72000000)]
  0x000002236ec73d40 JavaThread "Common-Cleaner" daemon [_thread_blocked, id=10876, stack(0x0000006e72100000,0x0000006e72200000)]
  0x0000022370858830 JavaThread "mysql-cj-abandoned-connection-cleanup" daemon [_thread_blocked, id=1456, stack(0x0000006e72800000,0x0000006e72900000)]
  0x0000022372d09020 JavaThread "HikariPool-1 housekeeper" daemon [_thread_blocked, id=13964, stack(0x0000006e72200000,0x0000006e72300000)]
  0x000002236f61e8b0 JavaThread "Catalina-utility-1" [_thread_blocked, id=3520, stack(0x0000006e72d00000,0x0000006e72e00000)]
  0x00000223708542d0 JavaThread "Catalina-utility-2" [_thread_blocked, id=7616, stack(0x0000006e72e00000,0x0000006e72f00000)]
  0x00000223730f0830 JavaThread "container-0" [_thread_blocked, id=7332, stack(0x0000006e72f00000,0x0000006e73000000)]
  0x000002237496ffb0 JavaThread "File Watcher" daemon [_thread_blocked, id=8752, stack(0x0000006e73000000,0x0000006e73100000)]
  0x000002236fb59cf0 JavaThread "http-nio-8080-exec-1" daemon [_thread_blocked, id=2824, stack(0x0000006e73100000,0x0000006e73200000)]
  0x000002236fb5b030 JavaThread "http-nio-8080-exec-2" daemon [_thread_blocked, id=8656, stack(0x0000006e73200000,0x0000006e73300000)]
  0x000002236fb5a1c0 JavaThread "http-nio-8080-exec-3" daemon [_thread_blocked, id=12840, stack(0x0000006e73300000,0x0000006e73400000)]
  0x000002236fb58e80 JavaThread "http-nio-8080-exec-4" daemon [_thread_blocked, id=1032, stack(0x0000006e73400000,0x0000006e73500000)]
  0x000002236fb5a690 JavaThread "http-nio-8080-exec-5" daemon [_thread_blocked, id=14320, stack(0x0000006e73500000,0x0000006e73600000)]
  0x0000022372e9c560 JavaThread "http-nio-8080-exec-6" daemon [_thread_blocked, id=12932, stack(0x0000006e73600000,0x0000006e73700000)]
  0x0000022372e9bbc0 JavaThread "http-nio-8080-exec-7" daemon [_thread_blocked, id=7312, stack(0x0000006e73700000,0x0000006e73800000)]
  0x0000022372e9a880 JavaThread "http-nio-8080-exec-8" daemon [_thread_blocked, id=13588, stack(0x0000006e73800000,0x0000006e73900000)]
  0x0000022372e9ca30 JavaThread "http-nio-8080-exec-9" daemon [_thread_blocked, id=11616, stack(0x0000006e73900000,0x0000006e73a00000)]
  0x0000022372e9cf00 JavaThread "http-nio-8080-exec-10" daemon [_thread_blocked, id=12608, stack(0x0000006e73a00000,0x0000006e73b00000)]
  0x0000022372e9ad50 JavaThread "http-nio-8080-Poller" daemon [_thread_in_native, id=5032, stack(0x0000006e73b00000,0x0000006e73c00000)]
  0x0000022372e9d3d0 JavaThread "http-nio-8080-Acceptor" daemon [_thread_in_native, id=3668, stack(0x0000006e73c00000,0x0000006e73d00000)]
  0x0000022372e9a3b0 JavaThread "DestroyJavaVM" [_thread_blocked, id=9128, stack(0x0000006e71000000,0x0000006e71100000)]

Other Threads:
  0x000002236e1dce30 VMThread "VM Thread" [stack: 0x0000006e71600000,0x0000006e71700000] [id=7220]
  0x000002236ec73080 WatcherThread [stack: 0x0000006e72000000,0x0000006e72100000] [id=904]
  0x000002234e0b2f00 GCTaskThread "GC Thread#0" [stack: 0x0000006e71100000,0x0000006e71200000] [id=4124]
  0x000002236efeee20 GCTaskThread "GC Thread#1" [stack: 0x0000006e72300000,0x0000006e72400000] [id=2576]
  0x000002236eff1460 GCTaskThread "GC Thread#2" [stack: 0x0000006e72400000,0x0000006e72500000] [id=216]
  0x000002236efef7b0 GCTaskThread "GC Thread#3" [stack: 0x0000006e72900000,0x0000006e72a00000] [id=11456]
  0x000002234e0c4ce0 ConcurrentGCThread "G1 Main Marker" [stack: 0x0000006e71200000,0x0000006e71300000] [id=12392]
  0x000002234e0c6070 ConcurrentGCThread "G1 Conc#0" [stack: 0x0000006e71300000,0x0000006e71400000] [id=5376]
  0x000002234e12fbd0 ConcurrentGCThread "G1 Refine#0" [stack: 0x0000006e71400000,0x0000006e71500000] [id=8236]
  0x000002236f32f840 ConcurrentGCThread "G1 Refine#1" [stack: 0x0000006e72500000,0x0000006e72600000] [id=7152]
  0x000002236e060930 ConcurrentGCThread "G1 Young RemSet Sampling" [stack: 0x0000006e71500000,0x0000006e71600000] [id=7372]

Threads with active compile tasks:
C2 CompilerThread0  11923597 7264   !   4       jdk.internal.loader.BuiltinClassLoader::findMiscResource (122 bytes)

VM state: not at safepoint (normal execution)

VM Mutex/Monitor currently owned by a thread: None

Heap address: 0x0000000081c00000, size: 2020 MB, Compressed Oops mode: 32-bit
CDS archive(s) mapped at: [0x0000000800000000-0x0000000800b50000-0x0000000800b50000), size 11862016, SharedBaseAddress: 0x0000000800000000, ArchiveRelocationMode: 0.
Compressed class space mapped at: 0x0000000800b50000-0x0000000840b50000, size: 1073741824
Narrow klass base: 0x0000000800000000, Narrow klass shift: 3, Narrow klass range: 0x100000000

GC Precious Log:
 CPUs: 4 total, 4 available
 Memory: 8073M
 Large Page Support: Disabled
 NUMA Support: Disabled
 Compressed Oops: Enabled (32-bit)
 Heap Region Size: 1M
 Heap Min Capacity: 8M
 Heap Initial Capacity: 128M
 Heap Max Capacity: 2020M
 Pre-touch: Disabled
 Parallel Workers: 4
 Concurrent Workers: 1
 Concurrent Refinement Workers: 4
 Periodic GC: Disabled

Heap:
 garbage-first heap   total 70656K, used 35342K [0x0000000081c00000, 0x0000000100000000)
  region size 1024K, 9 young (9216K), 2 survivors (2048K)
 Metaspace       used 63590K, capacity 64221K, committed 64432K, reserved 1105920K
  class space    used 8116K, capacity 8363K, committed 8448K, reserved 1048576K

Heap Regions: E=young(eden), S=young(survivor), O=old, HS=humongous(starts), HC=humongous(continues), CS=collection set, F=free, OA=open archive, CA=closed archive, TAMS=top-at-mark-start (previous, next)
|   0|0x0000000081c00000, 0x0000000081d00000, 0x0000000081d00000|100%|HS|  |TAMS 0x0000000081d00000, 0x0000000081c00000| Complete 
|   1|0x0000000081d00000, 0x0000000081e00000, 0x0000000081e00000|100%| O|  |TAMS 0x0000000081e00000, 0x0000000081d00000| Untracked 
|   2|0x0000000081e00000, 0x0000000081f00000, 0x0000000081f00000|100%| O|  |TAMS 0x0000000081f00000, 0x0000000081e00000| Untracked 
|   3|0x0000000081f00000, 0x0000000082000000, 0x0000000082000000|100%| O|  |TAMS 0x0000000082000000, 0x0000000081f00000| Untracked 
|   4|0x0000000082000000, 0x0000000082100000, 0x0000000082100000|100%| O|  |TAMS 0x0000000082100000, 0x0000000082000000| Untracked 
|   5|0x0000000082100000, 0x0000000082200000, 0x0000000082200000|100%| O|  |TAMS 0x0000000082200000, 0x0000000082100000| Untracked 
|   6|0x0000000082200000, 0x0000000082231a00, 0x0000000082300000| 19%| O|  |TAMS 0x0000000082231a00, 0x0000000082200000| Untracked 
|   7|0x0000000082300000, 0x0000000082400000, 0x0000000082400000|100%| O|  |TAMS 0x0000000082400000, 0x0000000082300000| Untracked 
|   8|0x0000000082400000, 0x0000000082500000, 0x0000000082500000|100%| O|  |TAMS 0x0000000082500000, 0x0000000082400000| Untracked 
|   9|0x0000000082500000, 0x0000000082600000, 0x0000000082600000|100%| O|  |TAMS 0x0000000082600000, 0x0000000082500000| Untracked 
|  10|0x0000000082600000, 0x0000000082700000, 0x0000000082700000|100%| O|  |TAMS 0x0000000082700000, 0x0000000082600000| Untracked 
|  11|0x0000000082700000, 0x0000000082800000, 0x0000000082800000|100%| O|  |TAMS 0x0000000082800000, 0x0000000082700000| Untracked 
|  12|0x0000000082800000, 0x0000000082900000, 0x0000000082900000|100%| O|  |TAMS 0x00000000828cae00, 0x0000000082800000| Untracked 
|  13|0x0000000082900000, 0x0000000082a00000, 0x0000000082a00000|100%| O|  |TAMS 0x0000000082900000, 0x0000000082900000| Untracked 
|  14|0x0000000082a00000, 0x0000000082b00000, 0x0000000082b00000|100%| O|  |TAMS 0x0000000082a00000, 0x0000000082a00000| Untracked 
|  15|0x0000000082b00000, 0x0000000082c00000, 0x0000000082c00000|100%| O|  |TAMS 0x0000000082b00000, 0x0000000082b00000| Untracked 
|  16|0x0000000082c00000, 0x0000000082d00000, 0x0000000082d00000|100%| O|  |TAMS 0x0000000082c00000, 0x0000000082c00000| Untracked 
|  17|0x0000000082d00000, 0x0000000082e00000, 0x0000000082e00000|100%| O|  |TAMS 0x0000000082d00000, 0x0000000082d00000| Untracked 
|  18|0x0000000082e00000, 0x0000000082f00000, 0x0000000082f00000|100%| O|  |TAMS 0x0000000082e00000, 0x0000000082e00000| Untracked 
|  19|0x0000000082f00000, 0x0000000083000000, 0x0000000083000000|100%| O|  |TAMS 0x0000000082f00000, 0x0000000082f00000| Untracked 
|  20|0x0000000083000000, 0x0000000083100000, 0x0000000083100000|100%| O|  |TAMS 0x0000000083000000, 0x0000000083000000| Untracked 
|  21|0x0000000083100000, 0x0000000083200000, 0x0000000083200000|100%| O|  |TAMS 0x0000000083100000, 0x0000000083100000| Untracked 
|  22|0x0000000083200000, 0x0000000083300000, 0x0000000083300000|100%| O|  |TAMS 0x0000000083200000, 0x0000000083200000| Untracked 
|  23|0x0000000083300000, 0x0000000083400000, 0x0000000083400000|100%| O|  |TAMS 0x0000000083300000, 0x0000000083300000| Untracked 
|  24|0x0000000083400000, 0x0000000083500000, 0x0000000083500000|100%| O|  |TAMS 0x0000000083400000, 0x0000000083400000| Untracked 
|  25|0x0000000083500000, 0x0000000083517400, 0x0000000083600000|  9%| O|  |TAMS 0x0000000083500000, 0x0000000083500000| Untracked 
|  26|0x0000000083600000, 0x0000000083600000, 0x0000000083700000|  0%| F|  |TAMS 0x0000000083600000, 0x0000000083600000| Untracked 
|  27|0x0000000083700000, 0x0000000083700000, 0x0000000083800000|  0%| F|  |TAMS 0x0000000083700000, 0x0000000083700000| Untracked 
|  28|0x0000000083800000, 0x0000000083800000, 0x0000000083900000|  0%| F|  |TAMS 0x0000000083800000, 0x0000000083800000| Untracked 
|  29|0x0000000083900000, 0x0000000083900000, 0x0000000083a00000|  0%| F|  |TAMS 0x0000000083900000, 0x0000000083900000| Untracked 
|  30|0x0000000083a00000, 0x0000000083a00000, 0x0000000083b00000|  0%| F|  |TAMS 0x0000000083a00000, 0x0000000083a00000| Untracked 
|  31|0x0000000083b00000, 0x0000000083b00000, 0x0000000083c00000|  0%| F|  |TAMS 0x0000000083b00000, 0x0000000083b00000| Untracked 
|  32|0x0000000083c00000, 0x0000000083c00000, 0x0000000083d00000|  0%| F|  |TAMS 0x0000000083c00000, 0x0000000083c00000| Untracked 
|  33|0x0000000083d00000, 0x0000000083d3ace0, 0x0000000083e00000| 22%| S|CS|TAMS 0x0000000083d00000, 0x0000000083d00000| Complete 
|  34|0x0000000083e00000, 0x0000000083e00000, 0x0000000083f00000|  0%| F|  |TAMS 0x0000000083e00000, 0x0000000083e00000| Untracked 
|  35|0x0000000083f00000, 0x0000000084000000, 0x0000000084000000|100%| S|CS|TAMS 0x0000000083f00000, 0x0000000083f00000| Complete 
|  36|0x0000000084000000, 0x0000000084000000, 0x0000000084100000|  0%| F|  |TAMS 0x0000000084000000, 0x0000000084000000| Untracked 
|  37|0x0000000084100000, 0x0000000084100000, 0x0000000084200000|  0%| F|  |TAMS 0x0000000084100000, 0x0000000084100000| Untracked 
|  38|0x0000000084200000, 0x0000000084200000, 0x0000000084300000|  0%| F|  |TAMS 0x0000000084200000, 0x0000000084200000| Untracked 
|  39|0x0000000084300000, 0x0000000084300000, 0x0000000084400000|  0%| F|  |TAMS 0x0000000084300000, 0x0000000084300000| Untracked 
|  40|0x0000000084400000, 0x0000000084400000, 0x0000000084500000|  0%| F|  |TAMS 0x0000000084400000, 0x0000000084400000| Untracked 
|  41|0x0000000084500000, 0x0000000084500000, 0x0000000084600000|  0%| F|  |TAMS 0x0000000084500000, 0x0000000084500000| Untracked 
|  42|0x0000000084600000, 0x0000000084600000, 0x0000000084700000|  0%| F|  |TAMS 0x0000000084600000, 0x0000000084600000| Untracked 
|  43|0x0000000084700000, 0x0000000084700000, 0x0000000084800000|  0%| F|  |TAMS 0x0000000084700000, 0x0000000084700000| Untracked 
|  44|0x0000000084800000, 0x0000000084800000, 0x0000000084900000|  0%| F|  |TAMS 0x0000000084800000, 0x0000000084800000| Untracked 
|  45|0x0000000084900000, 0x0000000084900000, 0x0000000084a00000|  0%| F|  |TAMS 0x0000000084900000, 0x0000000084900000| Untracked 
|  46|0x0000000084a00000, 0x0000000084a00000, 0x0000000084b00000|  0%| F|  |TAMS 0x0000000084a00000, 0x0000000084a00000| Untracked 
|  47|0x0000000084b00000, 0x0000000084b00000, 0x0000000084c00000|  0%| F|  |TAMS 0x0000000084b00000, 0x0000000084b00000| Untracked 
|  48|0x0000000084c00000, 0x0000000084c00000, 0x0000000084d00000|  0%| F|  |TAMS 0x0000000084c00000, 0x0000000084c00000| Untracked 
|  49|0x0000000084d00000, 0x0000000084d00000, 0x0000000084e00000|  0%| F|  |TAMS 0x0000000084d00000, 0x0000000084d00000| Untracked 
|  50|0x0000000084e00000, 0x0000000084e00000, 0x0000000084f00000|  0%| F|  |TAMS 0x0000000084e00000, 0x0000000084e00000| Untracked 
|  51|0x0000000084f00000, 0x0000000084f00000, 0x0000000085000000|  0%| F|  |TAMS 0x0000000084f00000, 0x0000000084f00000| Untracked 
|  52|0x0000000085000000, 0x0000000085000000, 0x0000000085100000|  0%| F|  |TAMS 0x0000000085000000, 0x0000000085000000| Untracked 
|  53|0x0000000085100000, 0x0000000085100000, 0x0000000085200000|  0%| F|  |TAMS 0x0000000085100000, 0x0000000085100000| Untracked 
|  54|0x0000000085200000, 0x0000000085200000, 0x0000000085300000|  0%| F|  |TAMS 0x0000000085200000, 0x0000000085200000| Untracked 
|  55|0x0000000085300000, 0x0000000085300000, 0x0000000085400000|  0%| F|  |TAMS 0x0000000085300000, 0x0000000085300000| Untracked 
|  56|0x0000000085400000, 0x0000000085400000, 0x0000000085500000|  0%| F|  |TAMS 0x0000000085400000, 0x0000000085400000| Untracked 
|  57|0x0000000085500000, 0x0000000085500000, 0x0000000085600000|  0%| F|  |TAMS 0x0000000085500000, 0x0000000085500000| Untracked 
|  58|0x0000000085600000, 0x0000000085600000, 0x0000000085700000|  0%| F|  |TAMS 0x0000000085600000, 0x0000000085600000| Untracked 
|  60|0x0000000085800000, 0x0000000085862050, 0x0000000085900000| 38%| E|  |TAMS 0x0000000085800000, 0x0000000085800000| Complete 
|  61|0x0000000085900000, 0x0000000085a00000, 0x0000000085a00000|100%| E|CS|TAMS 0x0000000085900000, 0x0000000085900000| Complete 
|  62|0x0000000085a00000, 0x0000000085b00000, 0x0000000085b00000|100%| E|CS|TAMS 0x0000000085a00000, 0x0000000085a00000| Complete 
|  63|0x0000000085b00000, 0x0000000085c00000, 0x0000000085c00000|100%| E|CS|TAMS 0x0000000085b00000, 0x0000000085b00000| Complete 
|  64|0x0000000085c00000, 0x0000000085d00000, 0x0000000085d00000|100%| E|CS|TAMS 0x0000000085c00000, 0x0000000085c00000| Complete 
|  65|0x0000000085d00000, 0x0000000085e00000, 0x0000000085e00000|100%| E|CS|TAMS 0x0000000085d00000, 0x0000000085d00000| Complete 
| 127|0x0000000089b00000, 0x0000000089c00000, 0x0000000089c00000|100%| E|CS|TAMS 0x0000000089b00000, 0x0000000089b00000| Complete 
|2017|0x00000000ffd00000, 0x00000000ffe00000, 0x00000000ffe00000|100%| O|  |TAMS 0x00000000ffe00000, 0x00000000ffd00000| Untracked 
|2018|0x00000000ffe00000, 0x00000000fff00000, 0x00000000fff00000|100%| O|  |TAMS 0x00000000fff00000, 0x00000000ffe00000| Untracked 
|2019|0x00000000fff00000, 0x0000000100000000, 0x0000000100000000|100%| O|  |TAMS 0x0000000100000000, 0x00000000fff00000| Untracked 

Card table byte_map: [0x00000223674a0000,0x00000223678a0000] _byte_map_base: 0x0000022367092000

Marking Bits (Prev, Next): (CMBitMap*) 0x000002234e0b4740, (CMBitMap*) 0x000002234e0b4700
 Prev Bits: [0x0000022369c30000, 0x000002236bbc0000)
 Next Bits: [0x0000022367ca0000, 0x0000022369c30000)

Polling page: 0x000002234e140000

Metaspace:

Usage:
  Non-class:     54.55 MB capacity,    54.17 MB (>99%) used,   298.89 KB ( <1%) free+waste,    85.38 KB ( <1%) overhead. 
      Class:      8.17 MB capacity,     7.93 MB ( 97%) used,   213.41 KB (  3%) free+waste,    32.69 KB ( <1%) overhead. 
       Both:     62.72 MB capacity,    62.10 MB (>99%) used,   512.30 KB ( <1%) free+waste,   118.06 KB ( <1%) overhead. 

Virtual space:
  Non-class space:       56.00 MB reserved,      54.67 MB ( 98%) committed 
      Class space:        1.00 GB reserved,       8.25 MB ( <1%) committed 
             Both:        1.05 GB reserved,      62.92 MB (  6%) committed 

Chunk freelists:
   Non-Class:  62.00 KB
       Class:  21.00 KB
        Both:  83.00 KB

MaxMetaspaceSize: 17179869184.00 GB
CompressedClassSpaceSize: 1.00 GB

CodeHeap 'non-profiled nmethods': size=120000Kb used=4064Kb max_used=4064Kb free=115935Kb
 bounds [0x000002235f540000, 0x000002235f940000, 0x0000022366a70000]
CodeHeap 'profiled nmethods': size=120000Kb used=12387Kb max_used=12387Kb free=107612Kb
 bounds [0x0000022358010000, 0x0000022358c30000, 0x000002235f540000]
CodeHeap 'non-nmethods': size=5760Kb used=1326Kb max_used=1374Kb free=4433Kb
 bounds [0x0000022357a70000, 0x0000022357ce0000, 0x0000022358010000]
 total_blobs=7007 nmethods=6385 adapters=535
 compilation: enabled
              stopped_count=0, restarted_count=0
 full_count=0

Compilation events (20 events):
Event: 11380.653 Thread 0x000002236e206600 nmethod 7253 0x0000022358c27a90 code [0x0000022358c27c80, 0x0000022358c283b8]
Event: 11427.821 Thread 0x000002236e206600 7255       3       java.util.concurrent.locks.AbstractQueuedSynchronizer::acquireInterruptibly (36 bytes)
Event: 11429.112 Thread 0x000002236e206600 nmethod 7255 0x0000022358c28610 code [0x0000022358c28800, 0x0000022358c28cb8]
Event: 11644.938 Thread 0x000002236e202560 7256       4       sun.nio.ch.WindowsSelectorImpl::adjustThreadsCount (132 bytes)
Event: 11644.946 Thread 0x000002236e202560 nmethod 7256 0x000002235f92e210 code [0x000002235f92e3a0, 0x000002235f92e478]
Event: 11645.948 Thread 0x000002236e202560 7257       4       sun.nio.ch.WindowsSelectorImpl$FinishLock::checkForException (51 bytes)
Event: 11645.954 Thread 0x000002236e202560 nmethod 7257 0x000002235f92e590 code [0x000002235f92e700, 0x000002235f92e778]
Event: 11645.954 Thread 0x000002236e202560 7258       4       sun.nio.ch.WindowsSelectorImpl::updateSelectedKeys (78 bytes)
Event: 11646.104 Thread 0x000002236e202560 nmethod 7258 0x000002235f92e890 code [0x000002235f92eac0, 0x000002235f92fcd0]
Event: 11745.779 Thread 0x000002236e202560 7259       4       java.util.HashMap::prepareArray (38 bytes)
Event: 11750.753 Thread 0x000002236e202560 nmethod 7259 0x000002235f930a90 code [0x000002235f930c20, 0x000002235f930e58]
Event: 11773.800 Thread 0x000002236e202560 7260   !   4       sun.nio.ch.WindowsSelectorImpl::resetWakeupSocket (41 bytes)
Event: 11773.803 Thread 0x000002236e202560 nmethod 7260 0x000002235f931010 code [0x000002235f9311a0, 0x000002235f9314e8]
Event: 11773.803 Thread 0x000002236e202560 7261       4       sun.nio.ch.SelectorImpl::select (35 bytes)
Event: 11774.066 Thread 0x000002236e202560 nmethod 7261 0x000002235f931610 code [0x000002235f931a20, 0x000002235f9349d0]
Event: 11774.811 Thread 0x000002236e202560 7262   !   4       org.apache.tomcat.util.net.NioEndpoint$Poller::timeout (565 bytes)
Event: 11774.907 Thread 0x000002236e202560 nmethod 7262 0x000002235f936610 code [0x000002235f9367e0, 0x000002235f936b98]
Event: 11910.090 Thread 0x000002236e202560 7263       4       jdk.internal.module.Resources::toPackageName (39 bytes)
Event: 11910.148 Thread 0x000002236e202560 nmethod 7263 0x000002235f937090 code [0x000002235f937240, 0x000002235f937cd8]
Event: 11915.170 Thread 0x000002236e202560 7264   !   4       jdk.internal.loader.BuiltinClassLoader::findMiscResource (122 bytes)

GC Heap History (20 events):
Event: 8383.144 GC heap before
{Heap before GC invocations=23 (full 0):
 garbage-first heap   total 70656K, used 59405K [0x0000000081c00000, 0x0000000100000000)
  region size 1024K, 31 young (31744K), 1 survivors (1024K)
 Metaspace       used 62499K, capacity 63213K, committed 63280K, reserved 1103872K
  class space    used 8014K, capacity 8264K, committed 8320K, reserved 1048576K
}
Event: 8383.147 GC heap after
{Heap after GC invocations=24 (full 0):
 garbage-first heap   total 70656K, used 28950K [0x0000000081c00000, 0x0000000100000000)
  region size 1024K, 1 young (1024K), 1 survivors (1024K)
 Metaspace       used 62499K, capacity 63213K, committed 63280K, reserved 1103872K
  class space    used 8014K, capacity 8264K, committed 8320K, reserved 1048576K
}
Event: 8414.817 GC heap before
{Heap before GC invocations=24 (full 0):
 garbage-first heap   total 70656K, used 59670K [0x0000000081c00000, 0x0000000100000000)
  region size 1024K, 31 young (31744K), 1 survivors (1024K)
 Metaspace       used 63380K, capacity 64080K, committed 64176K, reserved 1105920K
  class space    used 8115K, capacity 8361K, committed 8448K, reserved 1048576K
}
Event: 8414.820 GC heap after
{Heap after GC invocations=25 (full 0):
 garbage-first heap   total 70656K, used 29198K [0x0000000081c00000, 0x0000000100000000)
  region size 1024K, 2 young (2048K), 2 survivors (2048K)
 Metaspace       used 63380K, capacity 64080K, committed 64176K, reserved 1105920K
  class space    used 8115K, capacity 8361K, committed 8448K, reserved 1048576K
}
Event: 8512.415 GC heap before
{Heap before GC invocations=25 (full 0):
 garbage-first heap   total 70656K, used 58894K [0x0000000081c00000, 0x0000000100000000)
  region size 1024K, 31 young (31744K), 2 survivors (2048K)
 Metaspace       used 63423K, capacity 64086K, committed 64176K, reserved 1105920K
  class space    used 8116K, capacity 8362K, committed 8448K, reserved 1048576K
}
Event: 8512.418 GC heap after
{Heap after GC invocations=26 (full 0):
 garbage-first heap   total 70656K, used 29109K [0x0000000081c00000, 0x0000000100000000)
  region size 1024K, 2 young (2048K), 2 survivors (2048K)
 Metaspace       used 63423K, capacity 64086K, committed 64176K, reserved 1105920K
  class space    used 8116K, capacity 8362K, committed 8448K, reserved 1048576K
}
Event: 8671.914 GC heap before
{Heap before GC invocations=26 (full 0):
 garbage-first heap   total 70656K, used 58805K [0x0000000081c00000, 0x0000000100000000)
  region size 1024K, 31 young (31744K), 2 survivors (2048K)
 Metaspace       used 63471K, capacity 64156K, committed 64432K, reserved 1105920K
  class space    used 8116K, capacity 8363K, committed 8448K, reserved 1048576K
}
Event: 8671.917 GC heap after
{Heap after GC invocations=27 (full 0):
 garbage-first heap   total 70656K, used 29106K [0x0000000081c00000, 0x0000000100000000)
  region size 1024K, 2 young (2048K), 2 survivors (2048K)
 Metaspace       used 63471K, capacity 64156K, committed 64432K, reserved 1105920K
  class space    used 8116K, capacity 8363K, committed 8448K, reserved 1048576K
}
Event: 9023.882 GC heap before
{Heap before GC invocations=27 (full 0):
 garbage-first heap   total 70656K, used 58802K [0x0000000081c00000, 0x0000000100000000)
  region size 1024K, 31 young (31744K), 2 survivors (2048K)
 Metaspace       used 63540K, capacity 64221K, committed 64432K, reserved 1105920K
  class space    used 8116K, capacity 8363K, committed 8448K, reserved 1048576K
}
Event: 9023.887 GC heap after
{Heap after GC invocations=28 (full 0):
 garbage-first heap   total 70656K, used 29201K [0x0000000081c00000, 0x0000000100000000)
  region size 1024K, 2 young (2048K), 2 survivors (2048K)
 Metaspace       used 63540K, capacity 64221K, committed 64432K, reserved 1105920K
  class space    used 8116K, capacity 8363K, committed 8448K, reserved 1048576K
}
Event: 9823.843 GC heap before
{Heap before GC invocations=28 (full 0):
 garbage-first heap   total 70656K, used 58897K [0x0000000081c00000, 0x0000000100000000)
  region size 1024K, 31 young (31744K), 2 survivors (2048K)
 Metaspace       used 63541K, capacity 64221K, committed 64432K, reserved 1105920K
  class space    used 8116K, capacity 8363K, committed 8448K, reserved 1048576K
}
Event: 9823.965 GC heap after
{Heap after GC invocations=29 (full 0):
 garbage-first heap   total 70656K, used 29210K [0x0000000081c00000, 0x0000000100000000)
  region size 1024K, 2 young (2048K), 2 survivors (2048K)
 Metaspace       used 63541K, capacity 64221K, committed 64432K, reserved 1105920K
  class space    used 8116K, capacity 8363K, committed 8448K, reserved 1048576K
}
Event: 10202.779 GC heap before
{Heap before GC invocations=29 (full 0):
 garbage-first heap   total 70656K, used 58906K [0x0000000081c00000, 0x0000000100000000)
  region size 1024K, 31 young (31744K), 2 survivors (2048K)
 Metaspace       used 63553K, capacity 64221K, committed 64432K, reserved 1105920K
  class space    used 8116K, capacity 8363K, committed 8448K, reserved 1048576K
}
Event: 10202.800 GC heap after
{Heap after GC invocations=30 (full 0):
 garbage-first heap   total 70656K, used 29326K [0x0000000081c00000, 0x0000000100000000)
  region size 1024K, 2 young (2048K), 2 survivors (2048K)
 Metaspace       used 63553K, capacity 64221K, committed 64432K, reserved 1105920K
  class space    used 8116K, capacity 8363K, committed 8448K, reserved 1048576K
}
Event: 10489.187 GC heap before
{Heap before GC invocations=30 (full 0):
 garbage-first heap   total 70656K, used 59022K [0x0000000081c00000, 0x0000000100000000)
  region size 1024K, 31 young (31744K), 2 survivors (2048K)
 Metaspace       used 63582K, capacity 64221K, committed 64432K, reserved 1105920K
  class space    used 8116K, capacity 8363K, committed 8448K, reserved 1048576K
}
Event: 10489.204 GC heap after
{Heap after GC invocations=31 (full 0):
 garbage-first heap   total 70656K, used 29528K [0x0000000081c00000, 0x0000000100000000)
  region size 1024K, 2 young (2048K), 2 survivors (2048K)
 Metaspace       used 63582K, capacity 64221K, committed 64432K, reserved 1105920K
  class space    used 8116K, capacity 8363K, committed 8448K, reserved 1048576K
}
Event: 10931.189 GC heap before
{Heap before GC invocations=31 (full 0):
 garbage-first heap   total 70656K, used 59224K [0x0000000081c00000, 0x0000000100000000)
  region size 1024K, 31 young (31744K), 2 survivors (2048K)
 Metaspace       used 63587K, capacity 64221K, committed 64432K, reserved 1105920K
  class space    used 8116K, capacity 8363K, committed 8448K, reserved 1048576K
}
Event: 10931.501 GC heap after
{Heap after GC invocations=32 (full 0):
 garbage-first heap   total 70656K, used 29294K [0x0000000081c00000, 0x0000000100000000)
  region size 1024K, 2 young (2048K), 2 survivors (2048K)
 Metaspace       used 63587K, capacity 64221K, committed 64432K, reserved 1105920K
  class space    used 8116K, capacity 8363K, committed 8448K, reserved 1048576K
}
Event: 11739.485 GC heap before
{Heap before GC invocations=32 (full 0):
 garbage-first heap   total 70656K, used 58990K [0x0000000081c00000, 0x0000000100000000)
  region size 1024K, 31 young (31744K), 2 survivors (2048K)
 Metaspace       used 63590K, capacity 64221K, committed 64432K, reserved 1105920K
  class space    used 8116K, capacity 8363K, committed 8448K, reserved 1048576K
}
Event: 11739.528 GC heap after
{Heap after GC invocations=33 (full 0):
 garbage-first heap   total 70656K, used 29198K [0x0000000081c00000, 0x0000000100000000)
  region size 1024K, 2 young (2048K), 2 survivors (2048K)
 Metaspace       used 63590K, capacity 64221K, committed 64432K, reserved 1105920K
  class space    used 8116K, capacity 8363K, committed 8448K, reserved 1048576K
}

Deoptimization events (20 events):
Event: 10471.551 Thread 0x0000022372e9b220 DEOPT PACKING pc=0x00000223587ef9a9 sp=0x0000006e70efe5f0
Event: 10471.551 Thread 0x0000022372e9b220 DEOPT UNPACKING pc=0x0000022357abdf3f sp=0x0000006e70efda68 mode 0
Event: 10504.233 Thread 0x0000022372e9b220 DEOPT PACKING pc=0x0000022358bd7476 sp=0x0000006e70efe8a0
Event: 10504.233 Thread 0x0000022372e9b220 DEOPT UNPACKING pc=0x0000022357abdf3f sp=0x0000006e70efddc8 mode 0
Event: 10575.675 Thread 0x00000223708542d0 Uncommon trap: trap_request=0xffffffd6 fr.pc=0x000002235f92c0f0 relative=0x0000000000000450
Event: 10575.675 Thread 0x00000223708542d0 Uncommon trap: reason=array_check action=maybe_recompile pc=0x000002235f92c0f0 method=java.util.HashMap.valuesToArray([Ljava/lang/Object;)[Ljava/lang/Object; @ 62 c2
Event: 10575.675 Thread 0x00000223708542d0 DEOPT PACKING pc=0x000002235f92c0f0 sp=0x0000006e72efef30
Event: 10575.675 Thread 0x00000223708542d0 DEOPT UNPACKING pc=0x0000022357abe12f sp=0x0000006e72efeec8 mode 2
Event: 10575.675 Thread 0x00000223708542d0 Uncommon trap: trap_request=0xffffffd6 fr.pc=0x000002235f92c0f0 relative=0x0000000000000450
Event: 10575.675 Thread 0x00000223708542d0 Uncommon trap: reason=array_check action=maybe_recompile pc=0x000002235f92c0f0 method=java.util.HashMap.valuesToArray([Ljava/lang/Object;)[Ljava/lang/Object; @ 62 c2
Event: 10575.675 Thread 0x00000223708542d0 DEOPT PACKING pc=0x000002235f92c0f0 sp=0x0000006e72efee70
Event: 10575.675 Thread 0x00000223708542d0 DEOPT UNPACKING pc=0x0000022357abe12f sp=0x0000006e72efee08 mode 2
Event: 10575.675 Thread 0x00000223708542d0 Uncommon trap: trap_request=0xffffffd6 fr.pc=0x000002235f92c0f0 relative=0x0000000000000450
Event: 10575.675 Thread 0x00000223708542d0 Uncommon trap: reason=array_check action=maybe_recompile pc=0x000002235f92c0f0 method=java.util.HashMap.valuesToArray([Ljava/lang/Object;)[Ljava/lang/Object; @ 62 c2
Event: 10575.675 Thread 0x00000223708542d0 DEOPT PACKING pc=0x000002235f92c0f0 sp=0x0000006e72efedb0
Event: 10575.675 Thread 0x00000223708542d0 DEOPT UNPACKING pc=0x0000022357abe12f sp=0x0000006e72efed48 mode 2
Event: 10585.688 Thread 0x000002236f61e8b0 Uncommon trap: trap_request=0xffffffd6 fr.pc=0x000002235f92c0f0 relative=0x0000000000000450
Event: 10585.688 Thread 0x000002236f61e8b0 Uncommon trap: reason=array_check action=maybe_recompile pc=0x000002235f92c0f0 method=java.util.HashMap.valuesToArray([Ljava/lang/Object;)[Ljava/lang/Object; @ 62 c2
Event: 10585.688 Thread 0x000002236f61e8b0 DEOPT PACKING pc=0x000002235f92c0f0 sp=0x0000006e72dff0d0
Event: 10585.688 Thread 0x000002236f61e8b0 DEOPT UNPACKING pc=0x0000022357abe12f sp=0x0000006e72dff068 mode 2

Classes unloaded (0 events):
No events

Classes redefined (0 events):
No events

Internal exceptions (20 events):
Event: 8368.344 Thread 0x0000022372e99ee0 Exception <a 'java/io/IOException'{0x0000000084ccc358}> (0x0000000084ccc358) 
thrown [./open/src/hotspot/share/prims/jni.cpp, line 578]
Event: 8368.345 Thread 0x0000022372e99ee0 Exception <a 'java/io/IOException'{0x0000000084cd0358}> (0x0000000084cd0358) 
thrown [./open/src/hotspot/share/prims/jni.cpp, line 578]
Event: 8368.345 Thread 0x0000022372e99ee0 Exception <a 'java/io/IOException'{0x0000000084cd0ef0}> (0x0000000084cd0ef0) 
thrown [./open/src/hotspot/share/prims/jni.cpp, line 578]
Event: 8368.345 Thread 0x0000022372e99ee0 Exception <a 'java/io/IOException'{0x0000000084cd1800}> (0x0000000084cd1800) 
thrown [./open/src/hotspot/share/prims/jni.cpp, line 578]
Event: 8368.346 Thread 0x0000022372e99ee0 Exception <a 'java/io/IOException'{0x0000000084cd27f0}> (0x0000000084cd27f0) 
thrown [./open/src/hotspot/share/prims/jni.cpp, line 578]
Event: 8368.347 Thread 0x0000022372e99ee0 Exception <a 'java/io/IOException'{0x0000000084cd67f0}> (0x0000000084cd67f0) 
thrown [./open/src/hotspot/share/prims/jni.cpp, line 578]
Event: 8368.347 Thread 0x0000022372e99ee0 Exception <a 'java/io/IOException'{0x0000000084cd7388}> (0x0000000084cd7388) 
thrown [./open/src/hotspot/share/prims/jni.cpp, line 578]
Event: 8368.347 Thread 0x0000022372e99ee0 Exception <a 'java/io/IOException'{0x0000000084cd7c98}> (0x0000000084cd7c98) 
thrown [./open/src/hotspot/share/prims/jni.cpp, line 578]
Event: 8368.699 Thread 0x0000022372e99ee0 Exception <a 'sun/net/ConnectionResetException'{0x0000000084cdb4b0}: Connection reset> (0x0000000084cdb4b0) 
thrown [./open/src/hotspot/share/prims/jni.cpp, line 599]
Event: 8369.041 Thread 0x0000022372e99ee0 Exception <a 'sun/net/ConnectionResetException'{0x0000000084cdd288}: Connection reset> (0x0000000084cdd288) 
thrown [./open/src/hotspot/share/prims/jni.cpp, line 599]
Event: 8389.946 Thread 0x000002236fb5a1c0 Exception <a 'java/lang/ArrayIndexOutOfBoundsException'{0x0000000085439558}: Index -1 out of bounds for length 128> (0x0000000085439558) 
thrown [./open/src/hotspot/share/interpreter/interpreterRuntime.cpp, line 443]
Event: 8389.949 Thread 0x000002236fb5a1c0 Exception <a 'java/lang/NoSuchMethodError'{0x0000000085441418}: 'java.lang.Object java.lang.invoke.DirectMethodHandle$Holder.invokeStatic(java.lang.Object, int, int)'> (0x0000000085441418) 
thrown [./open/src/hotspot/share/interpreter/linkResolver.cpp, line 782]
Event: 8406.091 Thread 0x0000022372e9d8a0 Exception <a 'sun/net/ConnectionResetException'{0x000000008458eab0}: Connection reset> (0x000000008458eab0) 
thrown [./open/src/hotspot/share/prims/jni.cpp, line 599]
Event: 8422.658 Thread 0x0000022372e9d8a0 Exception <a 'sun/net/ConnectionResetException'{0x000000008595fcb0}: Connection reset> (0x000000008595fcb0) 
thrown [./open/src/hotspot/share/prims/jni.cpp, line 599]
Event: 8452.962 Thread 0x0000022372e9d8a0 Exception <a 'java/net/ConnectException'{0x0000000085433838}: Connection timed out: no further information> (0x0000000085433838) 
thrown [./open/src/hotspot/share/prims/jni.cpp, line 599]
Event: 8452.962 Thread 0x0000022372e9d8a0 Exception <a 'java/net/SocketException'{0x0000000085433b70}: Socket is not connected: shutdown> (0x0000000085433b70) 
thrown [./open/src/hotspot/share/prims/jni.cpp, line 599]
Event: 8542.827 Thread 0x0000022372e9d8a0 Exception <a 'sun/net/ConnectionResetException'{0x0000000089b90a48}: Connection reset> (0x0000000089b90a48) 
thrown [./open/src/hotspot/share/prims/jni.cpp, line 599]
Event: 8591.218 Thread 0x0000022372e9d8a0 Exception <a 'java/net/ConnectException'{0x00000000859c9128}: Connection timed out: no further information> (0x00000000859c9128) 
thrown [./open/src/hotspot/share/prims/jni.cpp, line 599]
Event: 8591.218 Thread 0x0000022372e9d8a0 Exception <a 'java/net/SocketException'{0x00000000859c9460}: Socket is not connected: shutdown> (0x00000000859c9460) 
thrown [./open/src/hotspot/share/prims/jni.cpp, line 599]
Event: 10472.274 Thread 0x0000022372e9b220 Exception <a 'sun/net/ConnectionResetException'{0x00000000849514d0}: Connection reset> (0x00000000849514d0) 
thrown [./open/src/hotspot/share/prims/jni.cpp, line 599]

Events (20 events):
Event: 10458.607 Thread 0x0000022372e9d8a0 Thread added: 0x0000022372e9d8a0
Event: 10458.607 Thread 0x0000022372e9b220 Thread added: 0x0000022372e9b220
Event: 10463.662 Thread 0x0000022372e9d8a0 Thread exited: 0x0000022372e9d8a0
Event: 10479.080 Thread 0x0000022372e9d8a0 Thread added: 0x0000022372e9d8a0
Event: 10485.581 Thread 0x0000022372e9d8a0 Thread exited: 0x0000022372e9d8a0
Event: 10487.917 Thread 0x0000022372e9b6f0 Thread added: 0x0000022372e9b6f0
Event: 10489.185 Executing VM operation: G1CollectForAllocation
Event: 10489.204 Executing VM operation: G1CollectForAllocation done
Event: 10492.959 Thread 0x0000022372e9b6f0 Thread exited: 0x0000022372e9b6f0
Event: 10494.385 Thread 0x0000022372e9b6f0 Thread added: 0x0000022372e9b6f0
Event: 10499.397 Thread 0x0000022372e9b6f0 Thread exited: 0x0000022372e9b6f0
Event: 10520.880 Thread 0x0000022372e9b220 Thread exited: 0x0000022372e9b220
Event: 10931.187 Executing VM operation: G1CollectForAllocation
Event: 10931.501 Executing VM operation: G1CollectForAllocation done
Event: 10931.501 Executing VM operation: HandshakeAllThreads
Event: 10931.501 Executing VM operation: HandshakeAllThreads done
Event: 11739.483 Executing VM operation: G1CollectForAllocation
Event: 11739.529 Executing VM operation: G1CollectForAllocation done
Event: 11739.529 Executing VM operation: HandshakeAllThreads
Event: 11739.529 Executing VM operation: HandshakeAllThreads done


Dynamic libraries:
0x00007ff666620000 - 0x00007ff66662f000 	C:\Program Files\Java\jdk-15.0.2\bin\java.exe
0x00007ff9aa7f0000 - 0x00007ff9aa9e8000 	C:\Windows\SYSTEM32\ntdll.dll
0x00007ff987b40000 - 0x00007ff987b57000 	C:\Program Files\AVG\Antivirus\aswhook.dll
0x00007ff9a9480000 - 0x00007ff9a953d000 	C:\Windows\System32\KERNEL32.DLL
0x00007ff9a81e0000 - 0x00007ff9a84ae000 	C:\Windows\System32\KERNELBASE.dll
0x00007ff9a8720000 - 0x00007ff9a8820000 	C:\Windows\System32\ucrtbase.dll
0x00007ff989b20000 - 0x00007ff989b38000 	C:\Program Files\Java\jdk-15.0.2\bin\jli.dll
0x00007ff9a93d0000 - 0x00007ff9a947e000 	C:\Windows\System32\ADVAPI32.dll
0x00007ff99c790000 - 0x00007ff99c7a9000 	C:\Program Files\Java\jdk-15.0.2\bin\VCRUNTIME140.dll
0x00007ff9a8980000 - 0x00007ff9a8a1e000 	C:\Windows\System32\msvcrt.dll
0x00007ff9a9c50000 - 0x00007ff9a9cec000 	C:\Windows\System32\sechost.dll
0x00007ff9a9cf0000 - 0x00007ff9a9e15000 	C:\Windows\System32\RPCRT4.dll
0x00007ff9a9540000 - 0x00007ff9a96e0000 	C:\Windows\System32\USER32.dll
0x00007ff98fe10000 - 0x00007ff9900aa000 	C:\Windows\WinSxS\amd64_microsoft.windows.common-controls_6595b64144ccf1df_6.0.19041.1110_none_60b5254171f9507e\COMCTL32.dll
0x00007ff9a7fc0000 - 0x00007ff9a7fe2000 	C:\Windows\System32\win32u.dll
0x00007ff9aa4b0000 - 0x00007ff9aa4da000 	C:\Windows\System32\GDI32.dll
0x00007ff9a8570000 - 0x00007ff9a867b000 	C:\Windows\System32\gdi32full.dll
0x00007ff9a8680000 - 0x00007ff9a871d000 	C:\Windows\System32\msvcp_win.dll
0x00007ff9a29e0000 - 0x00007ff9a29ea000 	C:\Windows\SYSTEM32\VERSION.dll
0x00007ff9a93a0000 - 0x00007ff9a93d0000 	C:\Windows\System32\IMM32.DLL
0x00007ff9a39c0000 - 0x00007ff9a39cc000 	C:\Program Files\Java\jdk-15.0.2\bin\vcruntime140_1.dll
0x00007ff989750000 - 0x00007ff9897e1000 	C:\Program Files\Java\jdk-15.0.2\bin\msvcp140.dll
0x00007ff95f040000 - 0x00007ff95fb9e000 	C:\Program Files\Java\jdk-15.0.2\bin\server\jvm.dll
0x00007ff9aa2b0000 - 0x00007ff9aa2b8000 	C:\Windows\System32\PSAPI.DLL
0x00007ff99b1b0000 - 0x00007ff99b1b9000 	C:\Windows\SYSTEM32\WSOCK32.dll
0x00007ff9a8850000 - 0x00007ff9a88bb000 	C:\Windows\System32\WS2_32.dll
0x00007ff9a16a0000 - 0x00007ff9a16c7000 	C:\Windows\SYSTEM32\WINMM.dll
0x00007ff9a5e30000 - 0x00007ff9a5e42000 	C:\Windows\SYSTEM32\kernel.appcore.dll
0x00007ff99f400000 - 0x00007ff99f40a000 	C:\Program Files\Java\jdk-15.0.2\bin\jimage.dll
0x00007ff9a19e0000 - 0x00007ff9a1bc4000 	C:\Windows\SYSTEM32\DBGHELP.DLL
0x00007ff9a1cb0000 - 0x00007ff9a1cdc000 	C:\Windows\SYSTEM32\dbgcore.DLL
0x00007ff9a7ff0000 - 0x00007ff9a8072000 	C:\Windows\System32\bcryptPrimitives.dll
0x00007ff99c640000 - 0x00007ff99c665000 	C:\Program Files\Java\jdk-15.0.2\bin\java.dll
0x00007ff9a8c50000 - 0x00007ff9a9394000 	C:\Windows\System32\SHELL32.dll
0x00007ff9a6030000 - 0x00007ff9a67c4000 	C:\Windows\SYSTEM32\windows.storage.dll
0x00007ff9a9e90000 - 0x00007ff9aa1e4000 	C:\Windows\System32\combase.dll
0x00007ff9a7970000 - 0x00007ff9a79a0000 	C:\Windows\SYSTEM32\Wldp.dll
0x00007ff9aa6a0000 - 0x00007ff9aa74d000 	C:\Windows\System32\SHCORE.dll
0x00007ff9a88c0000 - 0x00007ff9a8915000 	C:\Windows\System32\shlwapi.dll
0x00007ff9a7e50000 - 0x00007ff9a7e6f000 	C:\Windows\SYSTEM32\profapi.dll
0x00007ff99bb80000 - 0x00007ff99bb99000 	C:\Program Files\Java\jdk-15.0.2\bin\net.dll
0x00007ff99bd60000 - 0x00007ff99be6a000 	C:\Windows\SYSTEM32\WINHTTP.dll
0x00007ff9a7660000 - 0x00007ff9a76ca000 	C:\Windows\system32\mswsock.dll
0x00007ff995e30000 - 0x00007ff995e42000 	C:\Program Files\Java\jdk-15.0.2\bin\nio.dll
0x00007ff995b50000 - 0x00007ff995b68000 	C:\Program Files\Java\jdk-15.0.2\bin\zip.dll
0x00007ff99f240000 - 0x00007ff99f250000 	C:\Program Files\Java\jdk-15.0.2\bin\verify.dll
0x00007ff99d7c0000 - 0x00007ff99d7c9000 	C:\Program Files\Java\jdk-15.0.2\bin\management.dll
0x00007ff99d240000 - 0x00007ff99d24b000 	C:\Program Files\Java\jdk-15.0.2\bin\management_ext.dll
0x00007ff993070000 - 0x00007ff993087000 	C:\Windows\system32\napinsp.dll
0x00007ff993050000 - 0x00007ff99306b000 	C:\Windows\system32\pnrpnsp.dll
0x00007ff993030000 - 0x00007ff993045000 	C:\Windows\system32\wshbth.dll
0x00007ff9a3970000 - 0x00007ff9a398d000 	C:\Windows\system32\NLAapi.dll
0x00007ff9a7350000 - 0x00007ff9a738b000 	C:\Windows\SYSTEM32\IPHLPAPI.DLL
0x00007ff9a7390000 - 0x00007ff9a745a000 	C:\Windows\SYSTEM32\DNSAPI.dll
0x00007ff9a9e20000 - 0x00007ff9a9e28000 	C:\Windows\System32\NSI.dll
0x00007ff993010000 - 0x00007ff993022000 	C:\Windows\System32\winrnr.dll
0x00007ff99bb40000 - 0x00007ff99bb4a000 	C:\Windows\System32\rasadhlp.dll
0x00007ff99bce0000 - 0x00007ff99bd60000 	C:\Windows\System32\fwpuclnt.dll
0x00007ff9a8820000 - 0x00007ff9a8847000 	C:\Windows\System32\bcrypt.dll
0x00007ff9a78d0000 - 0x00007ff9a78e8000 	C:\Windows\SYSTEM32\CRYPTSP.dll
0x00007ff9a6f80000 - 0x00007ff9a6fb4000 	C:\Windows\system32\rsaenh.dll
0x00007ff9a7e10000 - 0x00007ff9a7e3e000 	C:\Windows\SYSTEM32\USERENV.dll
0x00007ff9a78c0000 - 0x00007ff9a78cc000 	C:\Windows\SYSTEM32\CRYPTBASE.dll
0x00007ff9a1bd0000 - 0x00007ff9a1be7000 	C:\Windows\SYSTEM32\dhcpcsvc6.DLL
0x00007ff9a1ed0000 - 0x00007ff9a1eed000 	C:\Windows\SYSTEM32\dhcpcsvc.DLL
0x00007ff985910000 - 0x00007ff98591d000 	C:\Program Files\Java\jdk-15.0.2\bin\sunmscapi.dll
0x00007ff9a8080000 - 0x00007ff9a81d6000 	C:\Windows\System32\CRYPT32.dll
0x00007ff9a79e0000 - 0x00007ff9a7a07000 	C:\Windows\SYSTEM32\ncrypt.dll
0x00007ff9a79a0000 - 0x00007ff9a79db000 	C:\Windows\SYSTEM32\NTASN1.dll

dbghelp: loaded successfully - version: 4.0.5 - missing functions: none
symbol engine: initialized successfully - sym options: 0x614 - pdb path: .;C:\Program Files\Java\jdk-15.0.2\bin;C:\Windows\SYSTEM32;C:\Program Files\AVG\Antivirus;C:\Windows\WinSxS\amd64_microsoft.windows.common-controls_6595b64144ccf1df_6.0.19041.1110_none_60b5254171f9507e;C:\Program Files\Java\jdk-15.0.2\bin\server

VM Arguments:
java_command: com.proyecto.portfolio.PortfolioApplication
java_class_path (initial): C:\portfolio\target\classes;C:\Users\Outlet VL\.m2\repository\org\springframework\boot\spring-boot-starter-data-jpa\2.6.7\spring-boot-starter-data-jpa-2.6.7.jar;C:\Users\Outlet VL\.m2\repository\org\springframework\boot\spring-boot-starter-aop\2.6.7\spring-boot-starter-aop-2.6.7.jar;C:\Users\Outlet VL\.m2\repository\org\aspectj\aspectjweaver\1.9.7\aspectjweaver-1.9.7.jar;C:\Users\Outlet VL\.m2\repository\org\springframework\boot\spring-boot-starter-jdbc\2.6.7\spring-boot-starter-jdbc-2.6.7.jar;C:\Users\Outlet VL\.m2\repository\com\zaxxer\HikariCP\4.0.3\HikariCP-4.0.3.jar;C:\Users\Outlet VL\.m2\repository\org\springframework\spring-jdbc\5.3.19\spring-jdbc-5.3.19.jar;C:\Users\Outlet VL\.m2\repository\jakarta\transaction\jakarta.transaction-api\1.3.3\jakarta.transaction-api-1.3.3.jar;C:\Users\Outlet VL\.m2\repository\jakarta\persistence\jakarta.persistence-api\2.2.3\jakarta.persistence-api-2.2.3.jar;C:\Users\Outlet VL\.m2\repository\org\hibernate\hibernate-core\5.6.8.Final\hibernate-core-5.6.8.Final.jar;C:\Users\Outlet VL\.m2\repository\org\jboss\logging\jboss-logging\3.4.3.Final\jboss-logging-3.4.3.Final.jar;C:\Users\Outlet VL\.m2\repository\net\bytebuddy\byte-buddy\1.11.22\byte-buddy-1.11.22.jar;C:\Users\Outlet VL\.m2\repository\antlr\antlr\2.7.7\antlr-2.7.7.jar;C:\Users\Outlet VL\.m2\repository\org\jboss\jandex\2.4.2.Final\jandex-2.4.2.Final.jar;C:\Users\Outlet VL\.m2\repository\com\fasterxml\classmate\1.5.1\classmate-1.5.1.jar;C:\Users\Outlet VL\.m2\repository\org\hibernate\common\hibernate-commons-annotations\5.1.2.Final\hibernate-commons-annotations-5.1.2.Final.jar;C:\Users\Outlet VL\.m2\repository\org\glassfish\jaxb\jaxb-runtime\2.3.6\jaxb-runtime-2.3.6.jar;C:\Users\Outlet VL\.m2\repository\org\glassfish\jaxb\txw2\2.3.6\txw2-2.3.6.jar;C:\Users\Outlet VL\.m2\repository\com\sun\istack\istack-commons-runtime\3.0.12\istack-commons-runtime-3.0.12.jar;C:\Users\Outlet VL\.m2\repository\com\sun\activation\jakarta.activation\1.2.2\jakarta.act
Launcher Type: SUN_STANDARD

[Global flags]
     intx CICompilerCount                          = 3                                         {product} {ergonomic}
     uint ConcGCThreads                            = 1                                         {product} {ergonomic}
     uint G1ConcRefinementThreads                  = 4                                         {product} {ergonomic}
   size_t G1HeapRegionSize                         = 1048576                                   {product} {ergonomic}
    uintx GCDrainStackTargetSize                   = 64                                        {product} {ergonomic}
   size_t InitialHeapSize                          = 134217728                                 {product} {ergonomic}
   size_t MarkStackSize                            = 4194304                                   {product} {ergonomic}
   size_t MaxHeapSize                              = 2118123520                                {product} {ergonomic}
   size_t MaxNewSize                               = 1270874112                                {product} {ergonomic}
   size_t MinHeapDeltaBytes                        = 1048576                                   {product} {ergonomic}
   size_t MinHeapSize                              = 8388608                                   {product} {ergonomic}
    uintx NonNMethodCodeHeapSize                   = 5832780                                {pd product} {ergonomic}
    uintx NonProfiledCodeHeapSize                  = 122912730                              {pd product} {ergonomic}
    uintx ProfiledCodeHeapSize                     = 122912730                              {pd product} {ergonomic}
    uintx ReservedCodeCacheSize                    = 251658240                              {pd product} {ergonomic}
     bool SegmentedCodeCache                       = true                                      {product} {ergonomic}
   size_t SoftMaxHeapSize                          = 2118123520                             {manageable} {ergonomic}
     bool UseCompressedClassPointers               = true                                 {lp64_product} {ergonomic}
     bool UseCompressedOops                        = true                                 {lp64_product} {ergonomic}
     bool UseG1GC                                  = true                                      {product} {ergonomic}
     bool UseLargePagesIndividualAllocation        = false                                  {pd product} {ergonomic}

Logging:
Log output configuration:
 #0: stdout all=warning uptime,level,tags
 #1: stderr all=off uptime,level,tags

Environment Variables:
JAVA_HOME=C:\Program Files\Java\jdk-15.0.2
PATH=C:\Program Files\Common Files\Oracle\Java\javapath;C:\Windows\system32;C:\Windows;C:\Windows\System32\Wbem;C:\Windows\System32\WindowsPowerShell\v1.0\;C:\Windows\System32\OpenSSH\;C:\Program Files (x86)\ATI Technologies\ATI.ACE\Core-Static;C:\Program Files\Git\cmd;C:\Program Files\Git\mingw64\bin;C:\Program Files\Git\usr\bin;C:\Program Files\nodejs\;C:\Program Files\MySQL\MySQL Shell 8.0\bin\;C:\Users\Outlet VL\AppData\Local\Microsoft\WindowsApps;;C:\Users\Outlet VL\AppData\Local\Programs\Microsoft VS Code\bin;C:\Users\Outlet VL\AppData\Roaming\npm;C:\Program Files\heroku\bin
USERNAME=Outlet VL
OS=Windows_NT
PROCESSOR_IDENTIFIER=AMD64 Family 21 Model 19 Stepping 1, AuthenticAMD



---------------  S Y S T E M  ---------------

OS:
 Windows 10 , 64 bit Build 19041 (10.0.19041.1889)
OS uptime: 1 days 3:55 hours

CPU: total 4 (initial active 4) (4 cores per cpu, 1 threads per core) family 21 model 19 stepping 1 microcode 0x0, cmov, cx8, fxsr, mmx, sse, sse2, sse3, ssse3, sse4.1, sse4.2, popcnt, vzeroupper, avx, aes, clmul, 3dnowpref, lzcnt, sse4a, tsc, tscinvbit, tscinv, bmi1, fma, clflush

Memory: 4k page, system-wide physical 8073M (251M free)
TotalPageFile size 22382M (AvailPageFile size 0M)
current process WorkingSet (physical memory assigned to process): 67M, peak: 253M
current process commit charge ("private bytes"): 266M, peak: 286M

vm_info: Java HotSpot(TM) 64-Bit Server VM (15.0.2+7-27) for windows-amd64 JRE (15.0.2+7-27), built on Dec  7 2020 20:07:01 by "mach5one" with unknown MS VC++:1925

END.
